<?xml version="1.0" encoding="UTF-8" standalone="yes"?><testsuite errors="0" failures="0" hostName="Tamir" name="JSystem Reporter" tests="2" time="0.983" timeStamp="Sun Jul 12 03:36:57 IDT 2015"><testcase classname="org.jsystem.TestsExamples" name="reportSuccess" time="0.094"/><testcase classname="org.jsystem.TestsExamples" name="testWithParameterProvider" time="0.093"/></testsuite>